<?xml version="1.0" encoding="UTF-8"?>
<!-- Generated by org.testng.reporters.JUnitReportReporter -->
<testsuite hostname="DESKTOP-M932U75" failures="0" tests="56" name="com.raffolux.testcases.ProfilePop_upTest" time="9.277" errors="1" timestamp="2023-03-10T14:54:17 IST" skipped="55">
  <testcase classname="com.raffolux.testcases.ProfilePop_upTest" name="LaunchApp" time="9.277">
    <error message="Unable to find element with locator By.xpath: //button[text()=&#039;Accept&#039;]
For documentation on this error, please visit: https://selenium.dev/exceptions/#no_such_element
Build info: version: &#039;4.5.0&#039;, revision: &#039;fe167b119a&#039;
System info: os.name: &#039;Windows 10&#039;, os.arch: &#039;amd64&#039;, os.version: &#039;10.0&#039;, java.version: &#039;17.0.5&#039;
Driver info: driver.version: RemoteWebDriver" type="org.openqa.selenium.NoSuchElementException">
      <![CDATA[org.openqa.selenium.NoSuchElementException: Unable to find element with locator By.xpath: //button[text()='Accept']
For documentation on this error, please visit: https://selenium.dev/exceptions/#no_such_element
Build info: version: '4.5.0', revision: 'fe167b119a'
System info: os.name: 'Windows 10', os.arch: 'amd64', os.version: '10.0', java.version: '17.0.5'
Driver info: driver.version: RemoteWebDriver
at org.openqa.selenium.remote.ElementLocation$ElementFinder$2.findElement(ElementLocation.java:165)
at org.openqa.selenium.remote.ElementLocation.findElement(ElementLocation.java:60)
at org.openqa.selenium.remote.RemoteWebDriver.findElement(RemoteWebDriver.java:365)
at org.openqa.selenium.remote.RemoteWebDriver.findElement(RemoteWebDriver.java:357)
at com.raffolux.base.BaseClass.LaunchApp(BaseClass.java:142)
at jdk.internal.reflect.GeneratedMethodAccessor82.invoke(Unknown Source)
at java.base/jdk.internal.reflect.DelegatingMethodAccessorImpl.invoke(DelegatingMethodAccessorImpl.java:43)
at java.base/java.lang.reflect.Method.invoke(Method.java:568)
at org.testng.internal.MethodInvocationHelper.invokeMethod(MethodInvocationHelper.java:133)
at org.testng.internal.MethodInvocationHelper.invokeMethodConsideringTimeout(MethodInvocationHelper.java:62)
at org.testng.internal.ConfigInvoker.invokeConfigurationMethod(ConfigInvoker.java:385)
at org.testng.internal.ConfigInvoker.invokeConfigurations(ConfigInvoker.java:321)
at org.testng.internal.TestInvoker.runConfigMethods(TestInvoker.java:700)
at org.testng.internal.TestInvoker.invokeMethod(TestInvoker.java:527)
at org.testng.internal.TestInvoker.invokeTestMethod(TestInvoker.java:173)
at org.testng.internal.MethodRunner.runInSequence(MethodRunner.java:46)
at org.testng.internal.TestInvoker$MethodInvocationAgent.invoke(TestInvoker.java:824)
at org.testng.internal.TestInvoker.invokeTestMethods(TestInvoker.java:146)
at org.testng.internal.TestMethodWorker.invokeTestMethods(TestMethodWorker.java:146)
at org.testng.internal.TestMethodWorker.run(TestMethodWorker.java:128)
at java.base/java.util.ArrayList.forEach(ArrayList.java:1511)
at org.testng.TestRunner.privateRun(TestRunner.java:794)
at org.testng.TestRunner.run(TestRunner.java:596)
at org.testng.SuiteRunner.runTest(SuiteRunner.java:377)
at org.testng.SuiteRunner.runSequentially(SuiteRunner.java:371)
at org.testng.SuiteRunner.privateRun(SuiteRunner.java:332)
at org.testng.SuiteRunner.run(SuiteRunner.java:276)
at org.testng.SuiteRunnerWorker.runSuite(SuiteRunnerWorker.java:53)
at org.testng.SuiteRunnerWorker.run(SuiteRunnerWorker.java:96)
at org.testng.TestNG.runSuitesSequentially(TestNG.java:1212)
at org.testng.TestNG.runSuitesLocally(TestNG.java:1134)
at org.testng.TestNG.runSuites(TestNG.java:1063)
at org.testng.TestNG.run(TestNG.java:1031)
at org.testng.remote.AbstractRemoteTestNG.run(AbstractRemoteTestNG.java:115)
at org.testng.remote.RemoteTestNG.initAndRun(RemoteTestNG.java:251)
at org.testng.remote.RemoteTestNG.main(RemoteTestNG.java:77)
]]>
    </error>
  </testcase> <!-- LaunchApp -->
  <system-out/>
  <testcase classname="com.raffolux.testcases.ProfilePop_upTest" name="Verify_Navigation_ToProfile_pop_up" time="0.000">
    <skipped/>
  </testcase> <!-- Verify_Navigation_ToProfile_pop_up -->
  <system-out/>
  <testcase classname="com.raffolux.testcases.ProfilePop_upTest" name="Verify_WelComeBackDharma_Text" time="0.000">
    <skipped/>
  </testcase> <!-- Verify_WelComeBackDharma_Text -->
  <system-out/>
  <testcase classname="com.raffolux.testcases.ProfilePop_upTest" name="Verify_You_Have_Entries_In_Text" time="0.000">
    <skipped/>
  </testcase> <!-- Verify_You_Have_Entries_In_Text -->
  <system-out/>
  <testcase classname="com.raffolux.testcases.ProfilePop_upTest" name="Verify_Pop_Up_Closing_Option" time="0.000">
    <skipped/>
  </testcase> <!-- Verify_Pop_Up_Closing_Option -->
  <system-out/>
  <testcase classname="com.raffolux.testcases.ProfilePop_upTest" name="Clickon_Pop_Up_Closing_Option" time="0.000">
    <skipped/>
  </testcase> <!-- Clickon_Pop_Up_Closing_Option -->
  <system-out/>
  <testcase classname="com.raffolux.testcases.ProfilePop_upTest" name="Verify__Active_Raffles" time="0.000">
    <skipped/>
  </testcase> <!-- Verify__Active_Raffles -->
  <system-out/>
  <testcase classname="com.raffolux.testcases.ProfilePop_upTest" name="Clickon_Two_Active_Raffles" time="0.000">
    <skipped/>
  </testcase> <!-- Clickon_Two_Active_Raffles -->
  <system-out/>
  <testcase classname="com.raffolux.testcases.ProfilePop_upTest" name="VerifyMyraffles_Slide_Bar_Menu_Link" time="0.000">
    <skipped/>
  </testcase> <!-- VerifyMyraffles_Slide_Bar_Menu_Link -->
  <system-out/>
  <testcase classname="com.raffolux.testcases.ProfilePop_upTest" name="VerifyMyraffles_Ticket_Token" time="0.000">
    <skipped/>
  </testcase> <!-- VerifyMyraffles_Ticket_Token -->
  <system-out/>
  <testcase classname="com.raffolux.testcases.ProfilePop_upTest" name="ClickonMyraffles_Slide_Bar_Menu_Link" time="0.000">
    <skipped/>
  </testcase> <!-- ClickonMyraffles_Slide_Bar_Menu_Link -->
  <system-out/>
  <testcase classname="com.raffolux.testcases.ProfilePop_upTest" name="VerifyMyCredit_Slide_Bar_Menu_Link" time="0.000">
    <skipped/>
  </testcase> <!-- VerifyMyCredit_Slide_Bar_Menu_Link -->
  <system-out/>
  <testcase classname="com.raffolux.testcases.ProfilePop_upTest" name="VerifyMyCredit_Symbol" time="0.000">
    <skipped/>
  </testcase> <!-- VerifyMyCredit_Symbol -->
  <system-out/>
  <testcase classname="com.raffolux.testcases.ProfilePop_upTest" name="ClickonMyCredit_Slide_Bar_Menu_Link" time="0.000">
    <skipped/>
  </testcase> <!-- ClickonMyCredit_Slide_Bar_Menu_Link -->
  <system-out/>
  <testcase classname="com.raffolux.testcases.ProfilePop_upTest" name="VerifyMyCredit_Balance_Text" time="0.000">
    <skipped/>
  </testcase> <!-- VerifyMyCredit_Balance_Text -->
  <system-out/>
  <testcase classname="com.raffolux.testcases.ProfilePop_upTest" name="VerifyWinners_Slide_Bar_Menu_Link" time="0.000">
    <skipped/>
  </testcase> <!-- VerifyWinners_Slide_Bar_Menu_Link -->
  <system-out/>
  <testcase classname="com.raffolux.testcases.ProfilePop_upTest" name="VerifyWinners_Symbol" time="0.000">
    <skipped/>
  </testcase> <!-- VerifyWinners_Symbol -->
  <system-out/>
  <testcase classname="com.raffolux.testcases.ProfilePop_upTest" name="ClickonWinners_Slide_Bar_Menu_Link" time="0.000">
    <skipped/>
  </testcase> <!-- ClickonWinners_Slide_Bar_Menu_Link -->
  <system-out/>
  <testcase classname="com.raffolux.testcases.ProfilePop_upTest" name="VerifyLiveDraws_Slide_Bar_Menu_Link" time="0.000">
    <skipped/>
  </testcase> <!-- VerifyLiveDraws_Slide_Bar_Menu_Link -->
  <system-out/>
  <testcase classname="com.raffolux.testcases.ProfilePop_upTest" name="VerifyLiveDraws_Symbol" time="0.000">
    <skipped/>
  </testcase> <!-- VerifyLiveDraws_Symbol -->
  <system-out/>
  <testcase classname="com.raffolux.testcases.ProfilePop_upTest" name="ClickonLiveDraws_Slide_Bar_Menu_Link" time="0.000">
    <skipped/>
  </testcase> <!-- ClickonLiveDraws_Slide_Bar_Menu_Link -->
  <system-out/>
  <testcase classname="com.raffolux.testcases.ProfilePop_upTest" name="VerifyCharity_Slide_Bar_Menu_Link" time="0.000">
    <skipped/>
  </testcase> <!-- VerifyCharity_Slide_Bar_Menu_Link -->
  <system-out/>
  <testcase classname="com.raffolux.testcases.ProfilePop_upTest" name="VerifyCharity_Symbol" time="0.000">
    <skipped/>
  </testcase> <!-- VerifyCharity_Symbol -->
  <system-out/>
  <testcase classname="com.raffolux.testcases.ProfilePop_upTest" name="ClickonCharity_Slide_Bar_Menu_Link" time="0.000">
    <skipped/>
  </testcase> <!-- ClickonCharity_Slide_Bar_Menu_Link -->
  <system-out/>
  <testcase classname="com.raffolux.testcases.ProfilePop_upTest" name="VerifyToggleTheme_Slide_Bar_Menu_Link" time="0.000">
    <skipped/>
  </testcase> <!-- VerifyToggleTheme_Slide_Bar_Menu_Link -->
  <system-out/>
  <testcase classname="com.raffolux.testcases.ProfilePop_upTest" name="VerifyToggleTheme_Symbol" time="0.000">
    <skipped/>
  </testcase> <!-- VerifyToggleTheme_Symbol -->
  <system-out/>
  <testcase classname="com.raffolux.testcases.ProfilePop_upTest" name="ClickonToggleTheme_Slide_Bar_Menu_Link" time="0.000">
    <skipped/>
  </testcase> <!-- ClickonToggleTheme_Slide_Bar_Menu_Link -->
  <system-out/>
  <testcase classname="com.raffolux.testcases.ProfilePop_upTest" name="VerifyLogout_Slide_Bar_Menu_Link" time="0.000">
    <skipped/>
  </testcase> <!-- VerifyLogout_Slide_Bar_Menu_Link -->
  <system-out/>
  <testcase classname="com.raffolux.testcases.ProfilePop_upTest" name="VerifyLogout_Symbol" time="0.000">
    <skipped/>
  </testcase> <!-- VerifyLogout_Symbol -->
  <system-out/>
  <testcase classname="com.raffolux.testcases.ProfilePop_upTest" name="ClickonLogout_Slide_Bar_Menu_Link" time="0.000">
    <skipped/>
  </testcase> <!-- ClickonLogout_Slide_Bar_Menu_Link -->
  <system-out/>
  <testcase classname="com.raffolux.testcases.ProfilePop_upTest" name="VerifyAccount_Option" time="0.000">
    <skipped/>
  </testcase> <!-- VerifyAccount_Option -->
  <system-out/>
  <testcase classname="com.raffolux.testcases.ProfilePop_upTest" name="VerifyPersonal_Info_Slide_Bar_Menu_Link" time="0.000">
    <skipped/>
  </testcase> <!-- VerifyPersonal_Info_Slide_Bar_Menu_Link -->
  <system-out/>
  <testcase classname="com.raffolux.testcases.ProfilePop_upTest" name="VerifyPersonal_Info_Symbol" time="0.000">
    <skipped/>
  </testcase> <!-- VerifyPersonal_Info_Symbol -->
  <system-out/>
  <testcase classname="com.raffolux.testcases.ProfilePop_upTest" name="ClickonPersonal_Info_Slide_Bar_Menu_Link" time="0.000">
    <skipped/>
  </testcase> <!-- ClickonPersonal_Info_Slide_Bar_Menu_Link -->
  <system-out/>
  <testcase classname="com.raffolux.testcases.ProfilePop_upTest" name="VerifySite_Info_Option" time="0.000">
    <skipped/>
  </testcase> <!-- VerifySite_Info_Option -->
  <system-out/>
  <testcase classname="com.raffolux.testcases.ProfilePop_upTest" name="VerifyHelp_And_FAQS_Slide_Bar_Menu_Link" time="0.000">
    <skipped/>
  </testcase> <!-- VerifyHelp_And_FAQS_Slide_Bar_Menu_Link -->
  <system-out/>
  <testcase classname="com.raffolux.testcases.ProfilePop_upTest" name="VerifyHelp_And_FAQS_Symbol" time="0.000">
    <skipped/>
  </testcase> <!-- VerifyHelp_And_FAQS_Symbol -->
  <system-out/>
  <testcase classname="com.raffolux.testcases.ProfilePop_upTest" name="ClickonHelp_And_FAQS_Slide_Bar_Menu_Link" time="0.000">
    <skipped/>
  </testcase> <!-- ClickonHelp_And_FAQS_Slide_Bar_Menu_Link -->
  <system-out/>
  <testcase classname="com.raffolux.testcases.ProfilePop_upTest" name="VerifyTerms_Link" time="0.000">
    <skipped/>
  </testcase> <!-- VerifyTerms_Link -->
  <system-out/>
  <testcase classname="com.raffolux.testcases.ProfilePop_upTest" name="ClickonTerms_Link" time="0.000">
    <skipped/>
  </testcase> <!-- ClickonTerms_Link -->
  <system-out/>
  <testcase classname="com.raffolux.testcases.ProfilePop_upTest" name="VerifyPrivacy_Link" time="0.000">
    <skipped/>
  </testcase> <!-- VerifyPrivacy_Link -->
  <system-out/>
  <testcase classname="com.raffolux.testcases.ProfilePop_upTest" name="ClickonPrivacy_Link" time="0.000">
    <skipped/>
  </testcase> <!-- ClickonPrivacy_Link -->
  <system-out/>
  <testcase classname="com.raffolux.testcases.ProfilePop_upTest" name="VerifyHelp_Link" time="0.000">
    <skipped/>
  </testcase> <!-- VerifyHelp_Link -->
  <system-out/>
  <testcase classname="com.raffolux.testcases.ProfilePop_upTest" name="ClickonHelp_Link" time="0.000">
    <skipped/>
  </testcase> <!-- ClickonHelp_Link -->
  <system-out/>
  <testcase classname="com.raffolux.testcases.ProfilePop_upTest" name="VerifyTwitter_Icon_Logo" time="0.000">
    <skipped/>
  </testcase> <!-- VerifyTwitter_Icon_Logo -->
  <system-out/>
  <testcase classname="com.raffolux.testcases.ProfilePop_upTest" name="VerifyFacebook_Icon_Logo" time="0.000">
    <skipped/>
  </testcase> <!-- VerifyFacebook_Icon_Logo -->
  <system-out/>
  <testcase classname="com.raffolux.testcases.ProfilePop_upTest" name="ClickonFacebook_Icon_Logo" time="0.000">
    <skipped/>
  </testcase> <!-- ClickonFacebook_Icon_Logo -->
  <system-out/>
  <testcase classname="com.raffolux.testcases.ProfilePop_upTest" name="ClickonTwitter_Icon_Logo" time="0.000">
    <skipped/>
  </testcase> <!-- ClickonTwitter_Icon_Logo -->
  <system-out/>
  <testcase classname="com.raffolux.testcases.ProfilePop_upTest" name="VerifyInstagram_Icon_Logo" time="0.000">
    <skipped/>
  </testcase> <!-- VerifyInstagram_Icon_Logo -->
  <system-out/>
  <testcase classname="com.raffolux.testcases.ProfilePop_upTest" name="ClickonInstagram_Icon_Logo" time="0.000">
    <skipped/>
  </testcase> <!-- ClickonInstagram_Icon_Logo -->
  <system-out/>
  <testcase classname="com.raffolux.testcases.ProfilePop_upTest" name="VerifyLinkDin_Icon_Logo" time="0.000">
    <skipped/>
  </testcase> <!-- VerifyLinkDin_Icon_Logo -->
  <system-out/>
  <testcase classname="com.raffolux.testcases.ProfilePop_upTest" name="ClickonLinkDin_Icon_Logo" time="0.000">
    <skipped/>
  </testcase> <!-- ClickonLinkDin_Icon_Logo -->
  <system-out/>
  <testcase classname="com.raffolux.testcases.ProfilePop_upTest" name="VerifyGameCare_Logo" time="0.000">
    <skipped/>
  </testcase> <!-- VerifyGameCare_Logo -->
  <system-out/>
  <testcase classname="com.raffolux.testcases.ProfilePop_upTest" name="ClickonGameCare_Logo" time="0.000">
    <skipped/>
  </testcase> <!-- ClickonGameCare_Logo -->
  <system-out/>
  <testcase classname="com.raffolux.testcases.ProfilePop_upTest" name="VerifyBe_GambleAware_Logo" time="0.000">
    <skipped/>
  </testcase> <!-- VerifyBe_GambleAware_Logo -->
  <system-out/>
  <testcase classname="com.raffolux.testcases.ProfilePop_upTest" name="ClickonBe_GambleAware_Logo" time="0.000">
    <skipped/>
  </testcase> <!-- ClickonBe_GambleAware_Logo -->
  <system-out/>
</testsuite> <!-- com.raffolux.testcases.ProfilePop_upTest -->
