<?xml version="1.0" encoding="UTF-8"?>
<!-- Generated by org.testng.reporters.JUnitReportReporter -->
<testsuite hostname="DESKTOP-M932U75" failures="0" tests="23" name="com.raffolux.testcases.SignUpTest" time="153.328" errors="1" timestamp="2023-04-04T17:36:41 IST" skipped="3">
  <testcase classname="com.raffolux.testcases.SignUpTest" name="Verify_CreateAccountTest" time="31.042">
    <error message="(334, 681) is out of bounds of viewport width (1366) and height (643)
Build info: version: &#039;4.8.3&#039;, revision: &#039;e5e76298c3&#039;
System info: os.name: &#039;Windows 10&#039;, os.arch: &#039;amd64&#039;, os.version: &#039;10.0&#039;, java.version: &#039;17.0.5&#039;
Driver info: org.openqa.selenium.firefox.FirefoxDriver
Command: [9e83543c-7537-43d8-b34d-c49e53494807, actions {actions=[org.openqa.selenium.interactions.Sequence@47db5b8f]}]
Capabilities {acceptInsecureCerts: true, browserName: firefox, browserVersion: 111.0.1, moz:accessibilityChecks: false, moz:buildID: 20230321111920, moz:debuggerAddress: 127.0.0.1:27831, moz:geckodriverVersion: 0.32.2, moz:headless: false, moz:platformVersion: 10.0, moz:processID: 10900, moz:profile: C:\Users\hp\AppData\Local\T..., moz:shutdownTimeout: 60000, moz:useNonSpecCompliantPointerOrigin: false, moz:webdriverClick: true, moz:windowless: false, pageLoadStrategy: normal, platformName: WINDOWS, proxy: Proxy(), se:cdp: ws://127.0.0.1:27831/devtoo..., se:cdpVersion: 85.0, setWindowRect: true, strictFileInteractability: false, timeouts: {implicit: 0, pageLoad: 300000, script: 30000}, unhandledPromptBehavior: dismiss and notify}
Session ID: 9e83543c-7537-43d8-b34d-c49e53494807" type="org.openqa.selenium.interactions.MoveTargetOutOfBoundsException">
      <![CDATA[org.openqa.selenium.interactions.MoveTargetOutOfBoundsException: (334, 681) is out of bounds of viewport width (1366) and height (643)
Build info: version: '4.8.3', revision: 'e5e76298c3'
System info: os.name: 'Windows 10', os.arch: 'amd64', os.version: '10.0', java.version: '17.0.5'
Driver info: org.openqa.selenium.firefox.FirefoxDriver
Command: [9e83543c-7537-43d8-b34d-c49e53494807, actions {actions=[org.openqa.selenium.interactions.Sequence@47db5b8f]}]
Capabilities {acceptInsecureCerts: true, browserName: firefox, browserVersion: 111.0.1, moz:accessibilityChecks: false, moz:buildID: 20230321111920, moz:debuggerAddress: 127.0.0.1:27831, moz:geckodriverVersion: 0.32.2, moz:headless: false, moz:platformVersion: 10.0, moz:processID: 10900, moz:profile: C:\Users\hp\AppData\Local\T..., moz:shutdownTimeout: 60000, moz:useNonSpecCompliantPointerOrigin: false, moz:webdriverClick: true, moz:windowless: false, pageLoadStrategy: normal, platformName: WINDOWS, proxy: Proxy(), se:cdp: ws://127.0.0.1:27831/devtoo..., se:cdpVersion: 85.0, setWindowRect: true, strictFileInteractability: false, timeouts: {implicit: 0, pageLoad: 300000, script: 30000}, unhandledPromptBehavior: dismiss and notify}
Session ID: 9e83543c-7537-43d8-b34d-c49e53494807
at java.base/jdk.internal.reflect.NativeConstructorAccessorImpl.newInstance0(Native Method)
at java.base/jdk.internal.reflect.NativeConstructorAccessorImpl.newInstance(NativeConstructorAccessorImpl.java:77)
at java.base/jdk.internal.reflect.DelegatingConstructorAccessorImpl.newInstance(DelegatingConstructorAccessorImpl.java:45)
at java.base/java.lang.reflect.Constructor.newInstanceWithCaller(Constructor.java:499)
at java.base/java.lang.reflect.Constructor.newInstance(Constructor.java:480)
at org.openqa.selenium.remote.codec.w3c.W3CHttpResponseCodec.createException(W3CHttpResponseCodec.java:200)
at org.openqa.selenium.remote.codec.w3c.W3CHttpResponseCodec.decode(W3CHttpResponseCodec.java:133)
at org.openqa.selenium.remote.codec.w3c.W3CHttpResponseCodec.decode(W3CHttpResponseCodec.java:53)
at org.openqa.selenium.remote.HttpCommandExecutor.execute(HttpCommandExecutor.java:193)
at org.openqa.selenium.remote.service.DriverCommandExecutor.invokeExecute(DriverCommandExecutor.java:183)
at org.openqa.selenium.remote.service.DriverCommandExecutor.execute(DriverCommandExecutor.java:158)
at org.openqa.selenium.remote.RemoteWebDriver.execute(RemoteWebDriver.java:543)
at org.openqa.selenium.remote.RemoteWebDriver.perform(RemoteWebDriver.java:611)
at org.openqa.selenium.interactions.Actions$BuiltAction.perform(Actions.java:567)
at com.raffolux.actiondriver.Action.Click(Action.java:73)
at com.raffolux.pages.SignUpPage.CreateAccount(SignUpPage.java:239)
at com.raffolux.testcases.SignUpTest.Verify_CreateAccountTest(SignUpTest.java:57)
at java.base/jdk.internal.reflect.NativeMethodAccessorImpl.invoke0(Native Method)
at java.base/jdk.internal.reflect.NativeMethodAccessorImpl.invoke(NativeMethodAccessorImpl.java:77)
at java.base/jdk.internal.reflect.DelegatingMethodAccessorImpl.invoke(DelegatingMethodAccessorImpl.java:43)
at java.base/java.lang.reflect.Method.invoke(Method.java:568)
at org.testng.internal.MethodInvocationHelper.invokeMethod(MethodInvocationHelper.java:133)
at org.testng.internal.TestInvoker.invokeMethod(TestInvoker.java:598)
at org.testng.internal.TestInvoker.invokeTestMethod(TestInvoker.java:173)
at org.testng.internal.MethodRunner.runInSequence(MethodRunner.java:46)
at org.testng.internal.TestInvoker$MethodInvocationAgent.invoke(TestInvoker.java:824)
at org.testng.internal.TestInvoker.invokeTestMethods(TestInvoker.java:146)
at org.testng.internal.TestMethodWorker.invokeTestMethods(TestMethodWorker.java:146)
at org.testng.internal.TestMethodWorker.run(TestMethodWorker.java:128)
at java.base/java.util.ArrayList.forEach(ArrayList.java:1511)
at org.testng.TestRunner.privateRun(TestRunner.java:794)
at org.testng.TestRunner.run(TestRunner.java:596)
at org.testng.SuiteRunner.runTest(SuiteRunner.java:377)
at org.testng.SuiteRunner.runSequentially(SuiteRunner.java:371)
at org.testng.SuiteRunner.privateRun(SuiteRunner.java:332)
at org.testng.SuiteRunner.run(SuiteRunner.java:276)
at org.testng.SuiteRunnerWorker.runSuite(SuiteRunnerWorker.java:53)
at org.testng.SuiteRunnerWorker.run(SuiteRunnerWorker.java:96)
at org.testng.TestNG.runSuitesSequentially(TestNG.java:1212)
at org.testng.TestNG.runSuitesLocally(TestNG.java:1134)
at org.testng.TestNG.runSuites(TestNG.java:1063)
at org.testng.TestNG.run(TestNG.java:1031)
at org.testng.remote.AbstractRemoteTestNG.run(AbstractRemoteTestNG.java:115)
at org.testng.remote.RemoteTestNG.initAndRun(RemoteTestNG.java:251)
at org.testng.remote.RemoteTestNG.main(RemoteTestNG.java:77)
]]>
    </error>
  </testcase> <!-- Verify_CreateAccountTest -->
  <system-out/>
  <testcase classname="com.raffolux.testcases.SignUpTest" name="Verify_SignUpTitle" time="3.235"/>
  <system-out/>
  <testcase classname="com.raffolux.testcases.SignUpTest" name="Verify_AlreadyMemberText" time="5.209"/>
  <system-out/>
  <testcase classname="com.raffolux.testcases.SignUpTest" name="Verify_By_ClickonSignInLink" time="6.169"/>
  <system-out/>
  <testcase classname="com.raffolux.testcases.SignUpTest" name="Verify_FirstNameLabelText" time="4.560"/>
  <system-out/>
  <testcase classname="com.raffolux.testcases.SignUpTest" name="Verify_LastNameLabelText" time="3.374"/>
  <system-out/>
  <testcase classname="com.raffolux.testcases.SignUpTest" name="Verify_EmailIdLabelText" time="3.426"/>
  <system-out/>
  <testcase classname="com.raffolux.testcases.SignUpTest" name="Verify_PhonenumberLabelText" time="3.372"/>
  <system-out/>
  <testcase classname="com.raffolux.testcases.SignUpTest" name="Verify_ChoosepasswordLabelText" time="5.019"/>
  <system-out/>
  <testcase classname="com.raffolux.testcases.SignUpTest" name="Verify_ConfirmpasswordLabelText" time="2.960"/>
  <system-out/>
  <testcase classname="com.raffolux.testcases.SignUpTest" name="Verify_TermsAndConditionLink" time="4.631"/>
  <system-out/>
  <testcase classname="com.raffolux.testcases.SignUpTest" name="Mouse_Hov_Over_TermsAndConditionLink" time="5.663"/>
  <system-out/>
  <testcase classname="com.raffolux.testcases.SignUpTest" name="Verify_By_ClickingonTermsAndConditionLink" time="5.954"/>
  <system-out/>
  <testcase classname="com.raffolux.testcases.SignUpTest" name="Verify_PrivacyPloicyLink" time="7.900"/>
  <system-out/>
  <testcase classname="com.raffolux.testcases.SignUpTest" name="Mouse_Hov_Over_PrivacyPloicyLink" time="4.842"/>
  <system-out/>
  <testcase classname="com.raffolux.testcases.SignUpTest" name="Verify_By_ClickingonPrivacypolicyLink" time="5.948"/>
  <system-out/>
  <testcase classname="com.raffolux.testcases.SignUpTest" name="Verify_OrSignUpViaText" time="3.280"/>
  <system-out/>
  <testcase classname="com.raffolux.testcases.SignUpTest" name="Verify_SignUpFacebookLogo" time="6.238"/>
  <system-out/>
  <testcase classname="com.raffolux.testcases.SignUpTest" name="Verify_SignUpGoogleLogo" time="5.865"/>
  <system-out/>
  <testcase classname="com.raffolux.testcases.SignUpTest" name="Verify_ContinueAsDharmaveeraBtn" time="34.641"/>
  <system-out/>
  <testcase classname="com.raffolux.testcases.SignUpTest" name="Verify_By_ClickingonSignUpFacebookLogo">
    <skipped/>
  </testcase> <!-- Verify_By_ClickingonSignUpFacebookLogo -->
  <system-out/>
  <testcase classname="com.raffolux.testcases.SignUpTest" name="Verify_LoginThroughFacebookSocialmedia">
    <skipped/>
  </testcase> <!-- Verify_LoginThroughFacebookSocialmedia -->
  <system-out/>
  <testcase classname="com.raffolux.testcases.SignUpTest" name="Verify_By_ClickingonSignUpGoogleLogo">
    <skipped/>
  </testcase> <!-- Verify_By_ClickingonSignUpGoogleLogo -->
  <system-out/>
</testsuite> <!-- com.raffolux.testcases.SignUpTest -->
