<?xml version="1.0" encoding="UTF-8"?>
<!-- Generated by org.testng.reporters.JUnitReportReporter -->
<testsuite hostname="DESKTOP-M932U75" failures="0" tests="28" name="com.raffolux.testcases.MyRafflesPage2Test" time="13.092" errors="1" timestamp="2023-03-10T13:36:05 IST" skipped="27">
  <testcase classname="com.raffolux.testcases.MyRafflesPage2Test" name="VerifyMyRafflePage2Url" time="0.000">
    <skipped/>
  </testcase> <!-- VerifyMyRafflePage2Url -->
  <system-out/>
  <testcase classname="com.raffolux.testcases.MyRafflesPage2Test" name="VerifyMyRaffleTitle" time="0.000">
    <skipped/>
  </testcase> <!-- VerifyMyRaffleTitle -->
  <system-out/>
  <testcase classname="com.raffolux.testcases.MyRafflesPage2Test" name="LaunchApp" time="13.092">
    <error message="no such element: Unable to locate element: {&quot;method&quot;:&quot;xpath&quot;,&quot;selector&quot;:&quot;//button[text()=&#039;Accept&#039;]&quot;}
  (Session info: chrome=110.0.5481.178)
For documentation on this error, please visit: https://selenium.dev/exceptions/#no_such_element
Build info: version: &#039;4.5.0&#039;, revision: &#039;fe167b119a&#039;
System info: os.name: &#039;Windows 10&#039;, os.arch: &#039;amd64&#039;, os.version: &#039;10.0&#039;, java.version: &#039;17.0.5&#039;
Driver info: org.openqa.selenium.chrome.ChromeDriver
Command: [5a97ed35e0432b4a7bdf9e8db24aab1b, findElement {using=xpath, value=//button[text()=&#039;Accept&#039;]}]
Capabilities {acceptInsecureCerts: false, browserName: chrome, browserVersion: 110.0.5481.178, chrome: {chromedriverVersion: 110.0.5481.77 (65ed616c6e8e..., userDataDir: C:\Users\hp\AppData\Local\T...}, goog:chromeOptions: {debuggerAddress: localhost:52186}, networkConnectionEnabled: false, pageLoadStrategy: normal, platformName: WINDOWS, proxy: Proxy(), se:cdp: ws://localhost:52186/devtoo..., se:cdpVersion: 110.0.5481.178, setWindowRect: true, strictFileInteractability: false, timeouts: {implicit: 0, pageLoad: 300000, script: 30000}, unhandledPromptBehavior: dismiss and notify, webauthn:extension:credBlob: true, webauthn:extension:largeBlob: true, webauthn:virtualAuthenticators: true}
Session ID: 5a97ed35e0432b4a7bdf9e8db24aab1b" type="org.openqa.selenium.NoSuchElementException">
      <![CDATA[org.openqa.selenium.NoSuchElementException: no such element: Unable to locate element: {"method":"xpath","selector":"//button[text()='Accept']"}
  (Session info: chrome=110.0.5481.178)
For documentation on this error, please visit: https://selenium.dev/exceptions/#no_such_element
Build info: version: '4.5.0', revision: 'fe167b119a'
System info: os.name: 'Windows 10', os.arch: 'amd64', os.version: '10.0', java.version: '17.0.5'
Driver info: org.openqa.selenium.chrome.ChromeDriver
Command: [5a97ed35e0432b4a7bdf9e8db24aab1b, findElement {using=xpath, value=//button[text()='Accept']}]
Capabilities {acceptInsecureCerts: false, browserName: chrome, browserVersion: 110.0.5481.178, chrome: {chromedriverVersion: 110.0.5481.77 (65ed616c6e8e..., userDataDir: C:\Users\hp\AppData\Local\T...}, goog:chromeOptions: {debuggerAddress: localhost:52186}, networkConnectionEnabled: false, pageLoadStrategy: normal, platformName: WINDOWS, proxy: Proxy(), se:cdp: ws://localhost:52186/devtoo..., se:cdpVersion: 110.0.5481.178, setWindowRect: true, strictFileInteractability: false, timeouts: {implicit: 0, pageLoad: 300000, script: 30000}, unhandledPromptBehavior: dismiss and notify, webauthn:extension:credBlob: true, webauthn:extension:largeBlob: true, webauthn:virtualAuthenticators: true}
Session ID: 5a97ed35e0432b4a7bdf9e8db24aab1b
at jdk.internal.reflect.GeneratedConstructorAccessor84.newInstance(Unknown Source)
at java.base/jdk.internal.reflect.DelegatingConstructorAccessorImpl.newInstance(DelegatingConstructorAccessorImpl.java:45)
at java.base/java.lang.reflect.Constructor.newInstanceWithCaller(Constructor.java:499)
at java.base/java.lang.reflect.Constructor.newInstance(Constructor.java:480)
at org.openqa.selenium.remote.codec.w3c.W3CHttpResponseCodec.createException(W3CHttpResponseCodec.java:200)
at org.openqa.selenium.remote.codec.w3c.W3CHttpResponseCodec.decode(W3CHttpResponseCodec.java:133)
at org.openqa.selenium.remote.codec.w3c.W3CHttpResponseCodec.decode(W3CHttpResponseCodec.java:53)
at org.openqa.selenium.remote.HttpCommandExecutor.execute(HttpCommandExecutor.java:184)
at org.openqa.selenium.remote.service.DriverCommandExecutor.invokeExecute(DriverCommandExecutor.java:167)
at org.openqa.selenium.remote.service.DriverCommandExecutor.execute(DriverCommandExecutor.java:142)
at org.openqa.selenium.remote.RemoteWebDriver.execute(RemoteWebDriver.java:547)
at org.openqa.selenium.remote.ElementLocation$ElementFinder$2.findElement(ElementLocation.java:162)
at org.openqa.selenium.remote.ElementLocation.findElement(ElementLocation.java:60)
at org.openqa.selenium.remote.RemoteWebDriver.findElement(RemoteWebDriver.java:365)
at org.openqa.selenium.remote.RemoteWebDriver.findElement(RemoteWebDriver.java:357)
at com.raffolux.base.BaseClass.LaunchApp(BaseClass.java:142)
at jdk.internal.reflect.GeneratedMethodAccessor82.invoke(Unknown Source)
at java.base/jdk.internal.reflect.DelegatingMethodAccessorImpl.invoke(DelegatingMethodAccessorImpl.java:43)
at java.base/java.lang.reflect.Method.invoke(Method.java:568)
at org.testng.internal.MethodInvocationHelper.invokeMethod(MethodInvocationHelper.java:133)
at org.testng.internal.MethodInvocationHelper.invokeMethodConsideringTimeout(MethodInvocationHelper.java:62)
at org.testng.internal.ConfigInvoker.invokeConfigurationMethod(ConfigInvoker.java:385)
at org.testng.internal.ConfigInvoker.invokeConfigurations(ConfigInvoker.java:321)
at org.testng.internal.TestInvoker.runConfigMethods(TestInvoker.java:700)
at org.testng.internal.TestInvoker.invokeMethod(TestInvoker.java:527)
at org.testng.internal.TestInvoker.invokeTestMethod(TestInvoker.java:173)
at org.testng.internal.MethodRunner.runInSequence(MethodRunner.java:46)
at org.testng.internal.TestInvoker$MethodInvocationAgent.invoke(TestInvoker.java:824)
at org.testng.internal.TestInvoker.invokeTestMethods(TestInvoker.java:146)
at org.testng.internal.TestMethodWorker.invokeTestMethods(TestMethodWorker.java:146)
at org.testng.internal.TestMethodWorker.run(TestMethodWorker.java:128)
at java.base/java.util.ArrayList.forEach(ArrayList.java:1511)
at org.testng.TestRunner.privateRun(TestRunner.java:794)
at org.testng.TestRunner.run(TestRunner.java:596)
at org.testng.SuiteRunner.runTest(SuiteRunner.java:377)
at org.testng.SuiteRunner.runSequentially(SuiteRunner.java:371)
at org.testng.SuiteRunner.privateRun(SuiteRunner.java:332)
at org.testng.SuiteRunner.run(SuiteRunner.java:276)
at org.testng.SuiteRunnerWorker.runSuite(SuiteRunnerWorker.java:53)
at org.testng.SuiteRunnerWorker.run(SuiteRunnerWorker.java:96)
at org.testng.TestNG.runSuitesSequentially(TestNG.java:1212)
at org.testng.TestNG.runSuitesLocally(TestNG.java:1134)
at org.testng.TestNG.runSuites(TestNG.java:1063)
at org.testng.TestNG.run(TestNG.java:1031)
at org.testng.remote.AbstractRemoteTestNG.run(AbstractRemoteTestNG.java:115)
at org.testng.remote.RemoteTestNG.initAndRun(RemoteTestNG.java:251)
at org.testng.remote.RemoteTestNG.main(RemoteTestNG.java:77)
]]>
    </error>
  </testcase> <!-- LaunchApp -->
  <system-out/>
  <testcase classname="com.raffolux.testcases.MyRafflesPage2Test" name="VerifyYouCurrentlyHavenoTicketsInAnyActiveRaffles" time="0.000">
    <skipped/>
  </testcase> <!-- VerifyYouCurrentlyHavenoTicketsInAnyActiveRaffles -->
  <system-out/>
  <testcase classname="com.raffolux.testcases.MyRafflesPage2Test" name="VerifyClickHereToSeeWhatsOnLink" time="0.000">
    <skipped/>
  </testcase> <!-- VerifyClickHereToSeeWhatsOnLink -->
  <system-out/>
  <testcase classname="com.raffolux.testcases.MyRafflesPage2Test" name="ClickonClickHereToSeeWhatsOnLink" time="0.000">
    <skipped/>
  </testcase> <!-- ClickonClickHereToSeeWhatsOnLink -->
  <system-out/>
  <testcase classname="com.raffolux.testcases.MyRafflesPage2Test" name="VerifyActiveRafflesSection" time="0.000">
    <skipped/>
  </testcase> <!-- VerifyActiveRafflesSection -->
  <system-out/>
  <testcase classname="com.raffolux.testcases.MyRafflesPage2Test" name="VerifyRecentlyEndedRafflesSection" time="0.000">
    <skipped/>
  </testcase> <!-- VerifyRecentlyEndedRafflesSection -->
  <system-out/>
  <testcase classname="com.raffolux.testcases.MyRafflesPage2Test" name="VerifyYouareNotCurrentlyEnteredIntoAnyActiveRafflesText" time="0.000">
    <skipped/>
  </testcase> <!-- VerifyYouareNotCurrentlyEnteredIntoAnyActiveRafflesText -->
  <system-out/>
  <testcase classname="com.raffolux.testcases.MyRafflesPage2Test" name="VerifyYouhaveNotEnteredAnyRafflesYetTextUnderRecentlyEndedRaffles" time="0.000">
    <skipped/>
  </testcase> <!-- VerifyYouhaveNotEnteredAnyRafflesYetTextUnderRecentlyEndedRaffles -->
  <system-out/>
  <testcase classname="com.raffolux.testcases.MyRafflesPage2Test" name="VerifyClickHereToSeeWhatsOnLinkUnderActiveRaffles" time="0.000">
    <skipped/>
  </testcase> <!-- VerifyClickHereToSeeWhatsOnLinkUnderActiveRaffles -->
  <system-out/>
  <testcase classname="com.raffolux.testcases.MyRafflesPage2Test" name="VerifyClickHereToSeeWhatsOnLinkUnderRecentlyEndedRaffles" time="0.000">
    <skipped/>
  </testcase> <!-- VerifyClickHereToSeeWhatsOnLinkUnderRecentlyEndedRaffles -->
  <system-out/>
  <testcase classname="com.raffolux.testcases.MyRafflesPage2Test" name="ClickonClickHereToSeeWhatsOnLinkUnderActiveRaffles" time="0.000">
    <skipped/>
  </testcase> <!-- ClickonClickHereToSeeWhatsOnLinkUnderActiveRaffles -->
  <system-out/>
  <testcase classname="com.raffolux.testcases.MyRafflesPage2Test" name="ClickonClickHereToSeeWhatsOnLinkUnderRecentlyEndedRaffles" time="0.000">
    <skipped/>
  </testcase> <!-- ClickonClickHereToSeeWhatsOnLinkUnderRecentlyEndedRaffles -->
  <system-out/>
  <testcase classname="com.raffolux.testcases.MyRafflesPage2Test" name="VerifyYouCurrentlyHaveTicketsInText" time="0.000">
    <skipped/>
  </testcase> <!-- VerifyYouCurrentlyHaveTicketsInText -->
  <system-out/>
  <testcase classname="com.raffolux.testcases.MyRafflesPage2Test" name="VerifyActiveRafflesLink" time="0.000">
    <skipped/>
  </testcase> <!-- VerifyActiveRafflesLink -->
  <system-out/>
  <testcase classname="com.raffolux.testcases.MyRafflesPage2Test" name="VerifySelectedRaffle1UnderTheActiveraffleSection1" time="0.000">
    <skipped/>
  </testcase> <!-- VerifySelectedRaffle1UnderTheActiveraffleSection1 -->
  <system-out/>
  <testcase classname="com.raffolux.testcases.MyRafflesPage2Test" name="VerifySelectedRaffle1UnderTheActiveraffleSection2" time="0.000">
    <skipped/>
  </testcase> <!-- VerifySelectedRaffle1UnderTheActiveraffleSection2 -->
  <system-out/>
  <testcase classname="com.raffolux.testcases.MyRafflesPage2Test" name="VerifySelectedRaffle1Image" time="0.000">
    <skipped/>
  </testcase> <!-- VerifySelectedRaffle1Image -->
  <system-out/>
  <testcase classname="com.raffolux.testcases.MyRafflesPage2Test" name="VerifySelectedRaffle1ActiveText" time="0.000">
    <skipped/>
  </testcase> <!-- VerifySelectedRaffle1ActiveText -->
  <system-out/>
  <testcase classname="com.raffolux.testcases.MyRafflesPage2Test" name="VerifySelectedRaffle1TitleText" time="0.000">
    <skipped/>
  </testcase> <!-- VerifySelectedRaffle1TitleText -->
  <system-out/>
  <testcase classname="com.raffolux.testcases.MyRafflesPage2Test" name="VerifyDateAndTimeOfRaffleDraw" time="0.000">
    <skipped/>
  </testcase> <!-- VerifyDateAndTimeOfRaffleDraw -->
  <system-out/>
  <testcase classname="com.raffolux.testcases.MyRafflesPage2Test" name="VerifyRaffleEndsInText" time="0.000">
    <skipped/>
  </testcase> <!-- VerifyRaffleEndsInText -->
  <system-out/>
  <testcase classname="com.raffolux.testcases.MyRafflesPage2Test" name="VerifyNoOfTicketsPurchasedText" time="0.000">
    <skipped/>
  </testcase> <!-- VerifyNoOfTicketsPurchasedText -->
  <system-out/>
  <testcase classname="com.raffolux.testcases.MyRafflesPage2Test" name="VerifyHiddenTicketAlongWithNumbers" time="0.000">
    <skipped/>
  </testcase> <!-- VerifyHiddenTicketAlongWithNumbers -->
  <system-out/>
  <testcase classname="com.raffolux.testcases.MyRafflesPage2Test" name="VerifyViewRafflesButton" time="0.000">
    <skipped/>
  </testcase> <!-- VerifyViewRafflesButton -->
  <system-out/>
  <testcase classname="com.raffolux.testcases.MyRafflesPage2Test" name="ClickonViewRafflesButton" time="0.000">
    <skipped/>
  </testcase> <!-- ClickonViewRafflesButton -->
  <system-out/>
  <testcase classname="com.raffolux.testcases.MyRafflesPage2Test" name="ClickonSelectedRaffle1Dropdown" time="0.000">
    <skipped/>
  </testcase> <!-- ClickonSelectedRaffle1Dropdown -->
  <system-out/>
</testsuite> <!-- com.raffolux.testcases.MyRafflesPage2Test -->
