<?xml version="1.0" encoding="UTF-8"?>
<!-- Generated by org.testng.reporters.JUnitReportReporter -->
<testsuite hostname="DESKTOP-M932U75" failures="0" tests="23" name="com.raffolux.testcases.LiveDrawPageTest" time="16.113" errors="1" timestamp="2023-03-10T14:54:17 IST" skipped="22">
  <testcase classname="com.raffolux.testcases.LiveDrawPageTest" name="Verify_Navigation_ToLiveDrawPage" time="0.000">
    <skipped/>
  </testcase> <!-- Verify_Navigation_ToLiveDrawPage -->
  <system-out/>
  <testcase classname="com.raffolux.testcases.LiveDrawPageTest" name="LaunchApp" time="16.113">
    <error message="Error communicating with the remote browser. It may have died.
Build info: version: &#039;4.5.0&#039;, revision: &#039;fe167b119a&#039;
System info: os.name: &#039;Windows 10&#039;, os.arch: &#039;amd64&#039;, os.version: &#039;10.0&#039;, java.version: &#039;17.0.5&#039;
Driver info: org.openqa.selenium.chrome.ChromeDriver
Command: [efad98aa113170bfff4fd10af4aa61b7, get {url=https://sandbox.raffolux.com/}]
Capabilities {acceptInsecureCerts: false, browserName: chrome, browserVersion: 110.0.5481.178, chrome: {chromedriverVersion: 110.0.5481.77 (65ed616c6e8e..., userDataDir: C:\Users\hp\AppData\Local\T...}, goog:chromeOptions: {debuggerAddress: localhost:60944}, networkConnectionEnabled: false, pageLoadStrategy: normal, platformName: WINDOWS, proxy: Proxy(), se:cdp: ws://localhost:60944/devtoo..., se:cdpVersion: 110.0.5481.178, setWindowRect: true, strictFileInteractability: false, timeouts: {implicit: 0, pageLoad: 300000, script: 30000}, unhandledPromptBehavior: dismiss and notify, webauthn:extension:credBlob: true, webauthn:extension:largeBlob: true, webauthn:virtualAuthenticators: true}
Session ID: efad98aa113170bfff4fd10af4aa61b7" type="org.openqa.selenium.remote.UnreachableBrowserException">
      <![CDATA[org.openqa.selenium.remote.UnreachableBrowserException: Error communicating with the remote browser. It may have died.
Build info: version: '4.5.0', revision: 'fe167b119a'
System info: os.name: 'Windows 10', os.arch: 'amd64', os.version: '10.0', java.version: '17.0.5'
Driver info: org.openqa.selenium.chrome.ChromeDriver
Command: [efad98aa113170bfff4fd10af4aa61b7, get {url=https://sandbox.raffolux.com/}]
Capabilities {acceptInsecureCerts: false, browserName: chrome, browserVersion: 110.0.5481.178, chrome: {chromedriverVersion: 110.0.5481.77 (65ed616c6e8e..., userDataDir: C:\Users\hp\AppData\Local\T...}, goog:chromeOptions: {debuggerAddress: localhost:60944}, networkConnectionEnabled: false, pageLoadStrategy: normal, platformName: WINDOWS, proxy: Proxy(), se:cdp: ws://localhost:60944/devtoo..., se:cdpVersion: 110.0.5481.178, setWindowRect: true, strictFileInteractability: false, timeouts: {implicit: 0, pageLoad: 300000, script: 30000}, unhandledPromptBehavior: dismiss and notify, webauthn:extension:credBlob: true, webauthn:extension:largeBlob: true, webauthn:virtualAuthenticators: true}
Session ID: efad98aa113170bfff4fd10af4aa61b7
at org.openqa.selenium.remote.RemoteWebDriver.execute(RemoteWebDriver.java:571)
at org.openqa.selenium.remote.RemoteWebDriver.get(RemoteWebDriver.java:310)
at com.raffolux.base.BaseClass.LaunchApp(BaseClass.java:141)
at jdk.internal.reflect.GeneratedMethodAccessor82.invoke(Unknown Source)
at java.base/jdk.internal.reflect.DelegatingMethodAccessorImpl.invoke(DelegatingMethodAccessorImpl.java:43)
at java.base/java.lang.reflect.Method.invoke(Method.java:568)
at org.testng.internal.MethodInvocationHelper.invokeMethod(MethodInvocationHelper.java:133)
at org.testng.internal.MethodInvocationHelper.invokeMethodConsideringTimeout(MethodInvocationHelper.java:62)
at org.testng.internal.ConfigInvoker.invokeConfigurationMethod(ConfigInvoker.java:385)
at org.testng.internal.ConfigInvoker.invokeConfigurations(ConfigInvoker.java:321)
at org.testng.internal.TestInvoker.runConfigMethods(TestInvoker.java:700)
at org.testng.internal.TestInvoker.invokeMethod(TestInvoker.java:527)
at org.testng.internal.TestInvoker.invokeTestMethod(TestInvoker.java:173)
at org.testng.internal.MethodRunner.runInSequence(MethodRunner.java:46)
at org.testng.internal.TestInvoker$MethodInvocationAgent.invoke(TestInvoker.java:824)
at org.testng.internal.TestInvoker.invokeTestMethods(TestInvoker.java:146)
at org.testng.internal.TestMethodWorker.invokeTestMethods(TestMethodWorker.java:146)
at org.testng.internal.TestMethodWorker.run(TestMethodWorker.java:128)
at java.base/java.util.ArrayList.forEach(ArrayList.java:1511)
at org.testng.TestRunner.privateRun(TestRunner.java:794)
at org.testng.TestRunner.run(TestRunner.java:596)
at org.testng.SuiteRunner.runTest(SuiteRunner.java:377)
at org.testng.SuiteRunner.runSequentially(SuiteRunner.java:371)
at org.testng.SuiteRunner.privateRun(SuiteRunner.java:332)
at org.testng.SuiteRunner.run(SuiteRunner.java:276)
at org.testng.SuiteRunnerWorker.runSuite(SuiteRunnerWorker.java:53)
at org.testng.SuiteRunnerWorker.run(SuiteRunnerWorker.java:96)
at org.testng.TestNG.runSuitesSequentially(TestNG.java:1212)
at org.testng.TestNG.runSuitesLocally(TestNG.java:1134)
at org.testng.TestNG.runSuites(TestNG.java:1063)
at org.testng.TestNG.run(TestNG.java:1031)
at org.testng.remote.AbstractRemoteTestNG.run(AbstractRemoteTestNG.java:115)
at org.testng.remote.RemoteTestNG.initAndRun(RemoteTestNG.java:251)
at org.testng.remote.RemoteTestNG.main(RemoteTestNG.java:77)
Caused by: java.io.UncheckedIOException: java.net.SocketException: Connection reset
at org.openqa.selenium.remote.http.netty.NettyHttpHandler.makeCall(NettyHttpHandler.java:73)
at org.openqa.selenium.remote.http.AddSeleniumUserAgent.lambda$apply$0(AddSeleniumUserAgent.java:42)
at org.openqa.selenium.remote.http.Filter.lambda$andFinally$1(Filter.java:56)
at org.openqa.selenium.remote.http.netty.NettyHttpHandler.execute(NettyHttpHandler.java:49)
at org.openqa.selenium.remote.http.AddSeleniumUserAgent.lambda$apply$0(AddSeleniumUserAgent.java:42)
at org.openqa.selenium.remote.http.Filter.lambda$andFinally$1(Filter.java:56)
at org.openqa.selenium.remote.http.netty.NettyClient.execute(NettyClient.java:99)
at org.openqa.selenium.remote.HttpCommandExecutor.execute(HttpCommandExecutor.java:181)
at org.openqa.selenium.remote.service.DriverCommandExecutor.invokeExecute(DriverCommandExecutor.java:167)
at org.openqa.selenium.remote.service.DriverCommandExecutor.execute(DriverCommandExecutor.java:142)
at org.openqa.selenium.remote.RemoteWebDriver.execute(RemoteWebDriver.java:547)
... 33 more
Caused by: java.net.SocketException: Connection reset
at java.base/sun.nio.ch.SocketChannelImpl.throwConnectionReset(SocketChannelImpl.java:394)
at java.base/sun.nio.ch.SocketChannelImpl.read(SocketChannelImpl.java:426)
at io.netty.buffer.PooledByteBuf.setBytes(PooledByteBuf.java:258)
at io.netty.buffer.AbstractByteBuf.writeBytes(AbstractByteBuf.java:1132)
at io.netty.channel.socket.nio.NioSocketChannel.doReadBytes(NioSocketChannel.java:357)
at io.netty.channel.nio.AbstractNioByteChannel$NioByteUnsafe.read(AbstractNioByteChannel.java:151)
at io.netty.channel.nio.NioEventLoop.processSelectedKey(NioEventLoop.java:722)
at io.netty.channel.nio.NioEventLoop.processSelectedKeysOptimized(NioEventLoop.java:658)
at io.netty.channel.nio.NioEventLoop.processSelectedKeys(NioEventLoop.java:584)
at io.netty.channel.nio.NioEventLoop.run(NioEventLoop.java:496)
at io.netty.util.concurrent.SingleThreadEventExecutor$4.run(SingleThreadEventExecutor.java:997)
at io.netty.util.internal.ThreadExecutorMap$2.run(ThreadExecutorMap.java:74)
at io.netty.util.concurrent.FastThreadLocalRunnable.run(FastThreadLocalRunnable.java:30)
at java.base/java.lang.Thread.run(Thread.java:833)
]]>
    </error>
  </testcase> <!-- LaunchApp -->
  <system-out/>
  <testcase classname="com.raffolux.testcases.LiveDrawPageTest" name="VerifyLive_Draws_Page_Title" time="0.000">
    <skipped/>
  </testcase> <!-- VerifyLive_Draws_Page_Title -->
  <system-out/>
  <testcase classname="com.raffolux.testcases.LiveDrawPageTest" name="Verify_Watch_All_The_Raffolux_LiveDraws_Text" time="0.000">
    <skipped/>
  </testcase> <!-- Verify_Watch_All_The_Raffolux_LiveDraws_Text -->
  <system-out/>
  <testcase classname="com.raffolux.testcases.LiveDrawPageTest" name="Verify_Past_Draws_Option" time="0.000">
    <skipped/>
  </testcase> <!-- Verify_Past_Draws_Option -->
  <system-out/>
  <testcase classname="com.raffolux.testcases.LiveDrawPageTest" name="Verify_Show_Draws_For_text" time="0.000">
    <skipped/>
  </testcase> <!-- Verify_Show_Draws_For_text -->
  <system-out/>
  <testcase classname="com.raffolux.testcases.LiveDrawPageTest" name="Verify_Show_Draws_For_dropdown" time="0.000">
    <skipped/>
  </testcase> <!-- Verify_Show_Draws_For_dropdown -->
  <system-out/>
  <testcase classname="com.raffolux.testcases.LiveDrawPageTest" name="Verify_By_Selecting_One_Option_from_the_Show_Draws_For_dropdown" time="0.000">
    <skipped/>
  </testcase> <!-- Verify_By_Selecting_One_Option_from_the_Show_Draws_For_dropdown -->
  <system-out/>
  <testcase classname="com.raffolux.testcases.LiveDrawPageTest" name="Verify_One_of_the_Past_draw" time="0.000">
    <skipped/>
  </testcase> <!-- Verify_One_of_the_Past_draw -->
  <system-out/>
  <testcase classname="com.raffolux.testcases.LiveDrawPageTest" name="ClickonS_One_of_the_Past_draw" time="0.000">
    <skipped/>
  </testcase> <!-- ClickonS_One_of_the_Past_draw -->
  <system-out/>
  <testcase classname="com.raffolux.testcases.LiveDrawPageTest" name="Verify_One_of_the_Past_Live_draw_Card_Image" time="0.000">
    <skipped/>
  </testcase> <!-- Verify_One_of_the_Past_Live_draw_Card_Image -->
  <system-out/>
  <testcase classname="com.raffolux.testcases.LiveDrawPageTest" name="Verify_Drawn_Date_and_time_Text" time="0.000">
    <skipped/>
  </testcase> <!-- Verify_Drawn_Date_and_time_Text -->
  <system-out/>
  <testcase classname="com.raffolux.testcases.LiveDrawPageTest" name="Verify_Title_Of_The_Past_drawn_Raffle" time="0.000">
    <skipped/>
  </testcase> <!-- Verify_Title_Of_The_Past_drawn_Raffle -->
  <system-out/>
  <testcase classname="com.raffolux.testcases.LiveDrawPageTest" name="Verify_Total_no_of_days_of_Drawn" time="0.000">
    <skipped/>
  </testcase> <!-- Verify_Total_no_of_days_of_Drawn -->
  <system-out/>
  <testcase classname="com.raffolux.testcases.LiveDrawPageTest" name="Verify_Raffle_Ticket_Symbol" time="0.000">
    <skipped/>
  </testcase> <!-- Verify_Raffle_Ticket_Symbol -->
  <system-out/>
  <testcase classname="com.raffolux.testcases.LiveDrawPageTest" name="Verify_Raffle_Link" time="0.000">
    <skipped/>
  </testcase> <!-- Verify_Raffle_Link -->
  <system-out/>
  <testcase classname="com.raffolux.testcases.LiveDrawPageTest" name="Clikcon_Raffle_Link" time="0.000">
    <skipped/>
  </testcase> <!-- Clikcon_Raffle_Link -->
  <system-out/>
  <testcase classname="com.raffolux.testcases.LiveDrawPageTest" name="Verify_Facebook_Logo_Symbol" time="0.000">
    <skipped/>
  </testcase> <!-- Verify_Facebook_Logo_Symbol -->
  <system-out/>
  <testcase classname="com.raffolux.testcases.LiveDrawPageTest" name="Verify_Facebook_Link" time="0.000">
    <skipped/>
  </testcase> <!-- Verify_Facebook_Link -->
  <system-out/>
  <testcase classname="com.raffolux.testcases.LiveDrawPageTest" name="Clikcon_Facebook_Link" time="0.000">
    <skipped/>
  </testcase> <!-- Clikcon_Facebook_Link -->
  <system-out/>
  <testcase classname="com.raffolux.testcases.LiveDrawPageTest" name="Verify_One_of_The_Live_Draw_Video" time="0.000">
    <skipped/>
  </testcase> <!-- Verify_One_of_The_Live_Draw_Video -->
  <system-out/>
  <testcase classname="com.raffolux.testcases.LiveDrawPageTest" name="Verify_Video_Closing_Symbol" time="0.000">
    <skipped/>
  </testcase> <!-- Verify_Video_Closing_Symbol -->
  <system-out/>
  <testcase classname="com.raffolux.testcases.LiveDrawPageTest" name="Clikcon_Video_Closing_Symbol" time="0.000">
    <skipped/>
  </testcase> <!-- Clikcon_Video_Closing_Symbol -->
  <system-out/>
</testsuite> <!-- com.raffolux.testcases.LiveDrawPageTest -->
